2024-11-10 19:00:23 INFO  c.b.c.ContactsManagementApiApplication - Starting ContactsManagementApiApplication using Java 17.0.9 with PID 10104 (C:\Users\Punyakoti Reddy\Desktop\Contact Management API\contacts-management-api\target\classes started by Punyakoti Reddy in C:\Users\Punyakoti Reddy\Desktop\Contact Management API\contacts-management-api)
2024-11-10 19:00:23 INFO  c.b.c.ContactsManagementApiApplication - The following 1 profile is active: "dev"
2024-11-10 19:00:24 INFO  o.s.d.r.c.RepositoryConfigurationDelegate - Bootstrapping Spring Data JPA repositories in DEFAULT mode.
2024-11-10 19:00:24 INFO  o.s.d.r.c.RepositoryConfigurationDelegate - Finished Spring Data repository scanning in 37 ms. Found 3 JPA repository interfaces.
2024-11-10 19:00:24 INFO  o.s.b.w.e.tomcat.TomcatWebServer - Tomcat initialized with port 9091 (http)
2024-11-10 19:00:24 INFO  o.a.catalina.core.StandardService - Starting service [Tomcat]
2024-11-10 19:00:24 INFO  o.a.catalina.core.StandardEngine - Starting Servlet engine: [Apache Tomcat/10.1.31]
2024-11-10 19:00:24 INFO  o.a.c.c.C.[Tomcat].[localhost].[/] - Initializing Spring embedded WebApplicationContext
2024-11-10 19:00:24 INFO  o.s.b.w.s.c.ServletWebServerApplicationContext - Root WebApplicationContext: initialization completed in 1676 ms
2024-11-10 19:00:25 INFO  com.zaxxer.hikari.HikariDataSource - HikariPool-30 - Starting...
2024-11-10 19:00:25 INFO  com.zaxxer.hikari.pool.HikariPool - HikariPool-30 - Added connection org.postgresql.jdbc.PgConnection@3991b5ba
2024-11-10 19:00:25 INFO  com.zaxxer.hikari.HikariDataSource - HikariPool-30 - Start completed.
2024-11-10 19:00:25 INFO  o.s.b.a.h.H2ConsoleAutoConfiguration - H2 console available at '/h2-console'. Database available at 'jdbc:postgresql://localhost:5432/db_buildbot'
2024-11-10 19:00:25 INFO  o.h.jpa.internal.util.LogHelper - HHH000204: Processing PersistenceUnitInfo [name: default]
2024-11-10 19:00:25 INFO  o.h.c.i.RegionFactoryInitiator - HHH000026: Second-level cache disabled
2024-11-10 19:00:25 INFO  o.s.o.j.p.SpringPersistenceUnitInfo - No LoadTimeWeaver setup: ignoring JPA class transformer
2024-11-10 19:00:25 INFO  o.h.e.t.j.p.i.JtaPlatformInitiator - HHH000489: No JTA platform available (set 'hibernate.transaction.jta.platform' to enable JTA platform integration)
2024-11-10 19:00:25 INFO  o.s.o.j.LocalContainerEntityManagerFactoryBean - Initialized JPA EntityManagerFactory for persistence unit 'default'
2024-11-10 19:00:25 DEBUG o.s.w.f.ServerHttpObservationFilter - Filter 'webMvcObservationFilter' configured for use
2024-11-10 19:00:25 INFO  o.s.s.c.a.a.c.InitializeAuthenticationProviderBeanManagerConfigurer$InitializeAuthenticationProviderManagerConfigurer - Global AuthenticationManager configured with AuthenticationProvider bean with name authenticationProvider
2024-11-10 19:00:25 WARN  o.s.s.c.a.a.c.InitializeUserDetailsBeanManagerConfigurer$InitializeUserDetailsManagerConfigurer - Global AuthenticationManager configured with an AuthenticationProvider bean. UserDetailsService beans will not be used for username/password login. Consider removing the AuthenticationProvider bean. Alternatively, consider using the UserDetailsService in a manually instantiated DaoAuthenticationProvider.
2024-11-10 19:00:25 WARN  o.s.b.a.o.j.JpaBaseConfiguration$JpaWebConfiguration - spring.jpa.open-in-view is enabled by default. Therefore, database queries may be performed during view rendering. Explicitly configure spring.jpa.open-in-view to disable this warning
2024-11-10 19:00:26 DEBUG o.s.w.s.m.m.a.RequestMappingHandlerMapping - 13 mappings in 'requestMappingHandlerMapping'
2024-11-10 19:00:26 DEBUG o.s.w.s.h.SimpleUrlHandlerMapping - Patterns [/webjars/**, /**, /swagger-ui*/*swagger-initializer.js, /swagger-ui*/**] in 'resourceHandlerMapping'
2024-11-10 19:00:26 INFO  o.s.b.a.e.web.EndpointLinksResolver - Exposing 14 endpoints beneath base path '/actuator'
2024-11-10 19:00:27 DEBUG o.s.w.s.m.m.a.RequestMappingHandlerAdapter - ControllerAdvice beans: 0 @ModelAttribute, 0 @InitBinder, 1 RequestBodyAdvice, 1 ResponseBodyAdvice
2024-11-10 19:00:27 DEBUG o.s.w.s.m.m.a.ExceptionHandlerExceptionResolver - ControllerAdvice beans: 2 @ExceptionHandler, 1 ResponseBodyAdvice
2024-11-10 19:00:27 INFO  o.s.b.d.a.OptionalLiveReloadServer - LiveReload server is running on port 35729
2024-11-10 19:00:27 INFO  o.s.b.w.e.tomcat.TomcatWebServer - Tomcat started on port 9091 (http) with context path '/'
2024-11-10 19:00:27 INFO  c.b.c.ContactsManagementApiApplication - Started ContactsManagementApiApplication in 4.71 seconds (process running for 31390.935)
2024-11-10 19:00:27 INFO  o.s.b.d.a.ConditionEvaluationDeltaLoggingListener - Condition evaluation delta:


==========================
CONDITION EVALUATION DELTA
==========================


Positive matches:
-----------------

   LogFileWebEndpointAutoConfiguration#logFileWebEndpoint matched:
      - Log File found logging.file.name logs/app.log   (LogFileWebEndpointAutoConfiguration.LogFileCondition)
      - @ConditionalOnMissingBean (types: org.springframework.boot.actuate.logging.LogFileWebEndpoint; SearchStrategy: all) did not find any beans (OnBeanCondition)


Negative matches:
-----------------

    None


Exclusions:
-----------

    None


Unconditional classes:
----------------------

    None



2024-11-10 19:00:54 INFO  o.s.b.d.a.LocalDevToolsAutoConfiguration$RestartingClassPathChangeChangedEventListener - Restarting due to 1 class path change (0 additions, 0 deletions, 1 modification)
2024-11-10 19:00:54 INFO  o.s.o.j.LocalContainerEntityManagerFactoryBean - Closing JPA EntityManagerFactory for persistence unit 'default'
2024-11-10 19:00:54 INFO  com.zaxxer.hikari.HikariDataSource - HikariPool-30 - Shutdown initiated...
2024-11-10 19:00:54 INFO  com.zaxxer.hikari.HikariDataSource - HikariPool-30 - Shutdown completed.
2024-11-10 19:00:54 INFO  c.b.c.ContactsManagementApiApplication - Starting ContactsManagementApiApplication using Java 17.0.9 with PID 10104 (C:\Users\Punyakoti Reddy\Desktop\Contact Management API\contacts-management-api\target\classes started by Punyakoti Reddy in C:\Users\Punyakoti Reddy\Desktop\Contact Management API\contacts-management-api)
2024-11-10 19:00:54 INFO  c.b.c.ContactsManagementApiApplication - The following 1 profile is active: "dev"
2024-11-10 19:00:55 INFO  o.s.d.r.c.RepositoryConfigurationDelegate - Bootstrapping Spring Data JPA repositories in DEFAULT mode.
2024-11-10 19:00:55 INFO  o.s.d.r.c.RepositoryConfigurationDelegate - Finished Spring Data repository scanning in 39 ms. Found 3 JPA repository interfaces.
2024-11-10 19:00:56 INFO  o.s.b.w.e.tomcat.TomcatWebServer - Tomcat initialized with port 9091 (http)
2024-11-10 19:00:56 INFO  o.a.catalina.core.StandardService - Starting service [Tomcat]
2024-11-10 19:00:56 INFO  o.a.catalina.core.StandardEngine - Starting Servlet engine: [Apache Tomcat/10.1.31]
2024-11-10 19:00:56 INFO  o.a.c.c.C.[Tomcat].[localhost].[/] - Initializing Spring embedded WebApplicationContext
2024-11-10 19:00:56 INFO  o.s.b.w.s.c.ServletWebServerApplicationContext - Root WebApplicationContext: initialization completed in 1358 ms
2024-11-10 19:00:56 INFO  com.zaxxer.hikari.HikariDataSource - HikariPool-31 - Starting...
2024-11-10 19:00:56 INFO  com.zaxxer.hikari.pool.HikariPool - HikariPool-31 - Added connection org.postgresql.jdbc.PgConnection@44ecd0be
2024-11-10 19:00:56 INFO  com.zaxxer.hikari.HikariDataSource - HikariPool-31 - Start completed.
2024-11-10 19:00:56 INFO  o.s.b.a.h.H2ConsoleAutoConfiguration - H2 console available at '/h2-console'. Database available at 'jdbc:postgresql://localhost:5432/db_buildbot'
2024-11-10 19:00:56 INFO  o.h.jpa.internal.util.LogHelper - HHH000204: Processing PersistenceUnitInfo [name: default]
2024-11-10 19:00:56 INFO  o.h.c.i.RegionFactoryInitiator - HHH000026: Second-level cache disabled
2024-11-10 19:00:56 INFO  o.s.o.j.p.SpringPersistenceUnitInfo - No LoadTimeWeaver setup: ignoring JPA class transformer
2024-11-10 19:00:56 INFO  o.h.e.t.j.p.i.JtaPlatformInitiator - HHH000489: No JTA platform available (set 'hibernate.transaction.jta.platform' to enable JTA platform integration)
2024-11-10 19:00:56 INFO  o.s.o.j.LocalContainerEntityManagerFactoryBean - Initialized JPA EntityManagerFactory for persistence unit 'default'
2024-11-10 19:00:56 DEBUG o.s.w.f.ServerHttpObservationFilter - Filter 'webMvcObservationFilter' configured for use
2024-11-10 19:00:57 INFO  o.s.s.c.a.a.c.InitializeAuthenticationProviderBeanManagerConfigurer$InitializeAuthenticationProviderManagerConfigurer - Global AuthenticationManager configured with AuthenticationProvider bean with name authenticationProvider
2024-11-10 19:00:57 WARN  o.s.s.c.a.a.c.InitializeUserDetailsBeanManagerConfigurer$InitializeUserDetailsManagerConfigurer - Global AuthenticationManager configured with an AuthenticationProvider bean. UserDetailsService beans will not be used for username/password login. Consider removing the AuthenticationProvider bean. Alternatively, consider using the UserDetailsService in a manually instantiated DaoAuthenticationProvider.
2024-11-10 19:00:57 WARN  o.s.b.a.o.j.JpaBaseConfiguration$JpaWebConfiguration - spring.jpa.open-in-view is enabled by default. Therefore, database queries may be performed during view rendering. Explicitly configure spring.jpa.open-in-view to disable this warning
2024-11-10 19:00:57 DEBUG o.s.w.s.m.m.a.RequestMappingHandlerMapping - 13 mappings in 'requestMappingHandlerMapping'
2024-11-10 19:00:57 DEBUG o.s.w.s.h.SimpleUrlHandlerMapping - Patterns [/webjars/**, /**, /swagger-ui*/*swagger-initializer.js, /swagger-ui*/**] in 'resourceHandlerMapping'
2024-11-10 19:00:57 INFO  o.s.b.a.e.web.EndpointLinksResolver - Exposing 14 endpoints beneath base path '/actuator'
2024-11-10 19:00:58 DEBUG o.s.w.s.m.m.a.RequestMappingHandlerAdapter - ControllerAdvice beans: 0 @ModelAttribute, 0 @InitBinder, 1 RequestBodyAdvice, 1 ResponseBodyAdvice
2024-11-10 19:00:58 DEBUG o.s.w.s.m.m.a.ExceptionHandlerExceptionResolver - ControllerAdvice beans: 2 @ExceptionHandler, 1 ResponseBodyAdvice
2024-11-10 19:00:58 INFO  o.s.b.d.a.OptionalLiveReloadServer - LiveReload server is running on port 35729
2024-11-10 19:00:58 INFO  o.s.b.w.e.tomcat.TomcatWebServer - Tomcat started on port 9091 (http) with context path '/'
2024-11-10 19:00:58 INFO  c.b.c.ContactsManagementApiApplication - Started ContactsManagementApiApplication in 3.945 seconds (process running for 31422.011)
2024-11-10 19:00:58 INFO  o.s.b.d.a.ConditionEvaluationDeltaLoggingListener - Condition evaluation unchanged
2024-11-10 19:01:57 INFO  o.s.b.a.SpringApplicationAdminMXBeanRegistrar$SpringApplicationAdmin - Application shutdown requested.
2024-11-10 19:01:57 INFO  o.s.o.j.LocalContainerEntityManagerFactoryBean - Closing JPA EntityManagerFactory for persistence unit 'default'
2024-11-10 19:01:57 INFO  com.zaxxer.hikari.HikariDataSource - HikariPool-31 - Shutdown initiated...
2024-11-10 19:01:57 INFO  com.zaxxer.hikari.HikariDataSource - HikariPool-31 - Shutdown completed.
